
> frontend@0.1.0 build
> next build

▲ Next.js 16.2.1 (Turbopack)

  Creating an optimized production build ...

> Build error occurred
Error: Turbopack build failed with 1 errors:
./app/globals.css
Error evaluating Node.js code
CssSyntaxError: C:\Users\roytamba\Documents\GitHub\NestJS\technical-test-smoe\frontend\app\globals.css:3:1: Unclosed block
    at Input.error (node_modules/postcss/lib/input.js:135:16) [C:\Users\roytamba\Documents\GitHub\NestJS\technical-test-smoe\frontend\.next\build\chunks\node_modules_13sb.px._.js:4651:22]
    at error (node_modules/postcss/lib/parser.js:575:22) [C:\Users\roytamba\Documents\GitHub\NestJS\technical-test-smoe\frontend\.next\build\chunks\node_modules_13sb.px._.js:5818:26]
    at unclosedBlock (node_modules/postcss/lib/parser.js:335:35) [C:\Users\roytamba\Documents\GitHub\NestJS\technical-test-smoe\frontend\.next\build\chunks\node_modules_13sb.px._.js:5605:39]
    at endFile (node_modules/postcss/lib/parser.js:476:10) [C:\Users\roytamba\Documents\GitHub\NestJS\technical-test-smoe\frontend\.next\build\chunks\node_modules_13sb.px._.js:5728:14]
    at parse (node_modules/postcss/lib/parse.js:11:12) [C:\Users\roytamba\Documents\GitHub\NestJS\technical-test-smoe\frontend\.next\build\chunks\node_modules_13sb.px._.js:5861:16]
    at parser (node_modules/postcss/lib/lazy-result.js:165:16) [C:\Users\roytamba\Documents\GitHub\NestJS\technical-test-smoe\frontend\.next\build\chunks\node_modules_13sb.px._.js:6113:24]
    at Processor.process (node_modules/postcss/lib/processor.js:53:14) [C:\Users\roytamba\Documents\GitHub\NestJS\technical-test-smoe\frontend\.next\build\chunks\node_modules_13sb.px._.js:6579:20]
    at process (turbopack:///[turbopack-node]/transforms/postcss.ts:70:51) [C:\Users\roytamba\Documents\GitHub\NestJS\technical-test-smoe\frontend\.next\build\chunks\[root-of-the-server]__0d-m0h0._.js:146:52]
    at getValue (turbopack:///[turbopack-node]/child_process/evaluate.ts:89:29) [C:\Users\roytamba\Documents\GitHub\NestJS\technical-test-smoe\frontend\.next\build\chunks\[root-of-the-server]__0ubbtyl._.js:443:37]
    at run (turbopack:///[turbopack-node]/child_process/evaluate.ts:112:11) [C:\Users\roytamba\Documents\GitHub\NestJS\technical-test-smoe\frontend\.next\build\chunks\[root-of-the-server]__0ubbtyl._.js:464:25]

Import trace:
  Client Component Browser:
    ./app/globals.css [Client Component Browser]
    ./app/layout.tsx [Server Component]


    at process (turbopack:///[turbopack-node]/transforms/postcss.ts:70:51) [C:\Users\roytamba\Documents\GitHub\NestJS\technical-test-smoe\frontend\.next\build\chunks\[root-of-the-server]__0d-m0h0._.js:146:52])
    at getValue (turbopack:///[turbopack-node]/child_process/evaluate.ts:89:29) [C:\Users\roytamba\Documents\GitHub\NestJS\technical-test-smoe\frontend\.next\build\chunks\[root-of-the-server]__0ubbtyl._.js:443:37])
    at run (turbopack:///[turbopack-node]/child_process/evaluate.ts:112:11) [C:\Users\roytamba\Documents\GitHub\NestJS\technical-test-smoe\frontend\.next\build\chunks\[root-of-the-server]__0ubbtyl._.js:464:25])
